H.sapiens_CMTR2_capspecific_mRNA_nucleoside2\\Omethyltransferase_	100.000	770	0	0	0.0	1599	H.sapiens_CMTR2_capspecific_mRNA_nucleoside2\\Omethyltransferase_
H.sapiens_CMTR2_capspecific_mRNA_nucleoside2\\Omethyltransferase_	99.740	770	2	0	0.0	1595	H.sapiens_CMTR2_capspecific_mRNA_nucleoside2\\Omethyltransferase_
F.catus_CMTR2_capspecific_mRNA_nucleoside2\\Omethyltransferase_2	88.672	768	85	1	0.0	1425	F.catus_CMTR2_capspecific_mRNA_nucleoside2\\Omethyltransferase_2
E.caballus_CMTR2_capspecific_mRNA_nucleoside2\\Omethyltransferase	88.052	770	90	1	0.0	1423	E.caballus_CMTR2_capspecific_mRNA_nucleoside2\\Omethyltransferase
C.mydas_CMTR2_capspecific_mRNA_nucleoside2\\Omethyltransferase_2_	72.310	762	211	0	0.0	1157	C.mydas_CMTR2_capspecific_mRNA_nucleoside2\\Omethyltransferase_2_
G.gallus_CMTR2_capspecific_mRNA_nucleoside2\\Omethyltransferase_2	66.839	772	243	2	0.0	1085	G.gallus_CMTR2_capspecific_mRNA_nucleoside2\\Omethyltransferase_2
S.townsendi_CMTR2_capspecific_mRNA_nucleoside2\\Omethyltransferas	66.099	764	254	2	0.0	1044	S.townsendi_CMTR2_capspecific_mRNA_nucleoside2\\Omethyltransferas
X.laevis_cmtr2.L_capspecific_mRNA_nucleoside2\\Omethyltransferase	52.624	743	334	5	0.0	780	X.laevis_cmtr2.L_capspecific_mRNA_nucleoside2\\Omethyltransferase
C.carcharias_cmtr2_capspecific_mRNA_nucleoside2\\Omethyltransfera	50.785	764	348	8	0.0	761	C.carcharias_cmtr2_capspecific_mRNA_nucleoside2\\Omethyltransfera
S.salar_cmtr2_capspecific_mRNA_nucleoside2\\Omethyltransferase_2_	48.134	777	364	14	0.0	706	S.salar_cmtr2_capspecific_mRNA_nucleoside2\\Omethyltransferase_2_
G.aculeatus_cmtr2_capspecific_mRNA_nucleoside2\\Omethyltransferas	44.401	759	387	13	0.0	637	G.aculeatus_cmtr2_capspecific_mRNA_nucleoside2\\Omethyltransferas
D.rerio_cmtr2_capspecific_mRNA_nucleoside2\\Omethyltransferase_2	44.086	744	384	10	0.0	622	D.rerio_cmtr2_capspecific_mRNA_nucleoside2\\Omethyltransferase_2
S.salar_LOC106587360_LOW_QUALITY_PROTEIN_capspecific_mRNA_nucleos	52.088	407	149	5	1.28e-139	419	S.salar_LOC106587360_LOW_QUALITY_PROTEIN_capspecific_mRNA_nucleos
C.mydas_CMTR1_capspecific_mRNA_nucleoside2\\Omethyltransferase_1_	36.552	145	84	2	5.92e-19	95.5	C.mydas_CMTR1_capspecific_mRNA_nucleoside2\\Omethyltransferase_1_
G.aculeatus_cmtr1_capspecific_mRNA_nucleoside2\\Omethyltransferas	35.374	147	90	3	1.82e-18	93.6	G.aculeatus_cmtr1_capspecific_mRNA_nucleoside2\\Omethyltransferas
G.gallus_CMTR1_capspecific_mRNA_nucleoside2\\Omethyltransferase_1	42.857	105	57	1	5.33e-18	92.4	G.gallus_CMTR1_capspecific_mRNA_nucleoside2\\Omethyltransferase_1
S.townsendi_CMTR1_capspecific_mRNA_nucleoside2\\Omethyltransferas	42.857	105	57	1	6.34e-18	92.0	S.townsendi_CMTR1_capspecific_mRNA_nucleoside2\\Omethyltransferas
F.catus_CMTR1_capspecific_mRNA_nucleoside2\\Omethyltransferase_1_	41.284	109	61	1	1.65e-17	90.5	F.catus_CMTR1_capspecific_mRNA_nucleoside2\\Omethyltransferase_1_
S.salar_cmtr1_capspecific_mRNA_nucleoside2\\Omethyltransferase_1_	41.284	109	61	1	1.79e-17	90.5	S.salar_cmtr1_capspecific_mRNA_nucleoside2\\Omethyltransferase_1_
E.caballus_CMTR1_capspecific_mRNA_nucleoside2\\Omethyltransferase	41.284	109	61	1	2.05e-17	90.5	E.caballus_CMTR1_capspecific_mRNA_nucleoside2\\Omethyltransferase
X.laevis_cmtr1.L_capspecific_mRNA_nucleoside2\\Omethyltransferase	42.202	109	60	1	2.20e-17	90.1	X.laevis_cmtr1.L_capspecific_mRNA_nucleoside2\\Omethyltransferase
H.sapiens_CMTR1_capspecific_mRNA_nucleoside2\\Omethyltransferase_	40.367	109	62	1	6.02e-17	89.0	H.sapiens_CMTR1_capspecific_mRNA_nucleoside2\\Omethyltransferase_
X.laevis_cmtr1.S_capspecific_mRNA_nucleoside2\\Omethyltransferase	41.284	109	61	1	6.74e-17	88.6	X.laevis_cmtr1.S_capspecific_mRNA_nucleoside2\\Omethyltransferase
D.rerio_cmtr1_capspecific_mRNA_nucleoside2\\Omethyltransferase_1	36.508	126	76	2	1.48e-16	87.4	D.rerio_cmtr1_capspecific_mRNA_nucleoside2\\Omethyltransferase_1
C.carcharias_cmtr1_capspecific_mRNA_nucleoside2\\Omethyltransfera	44.944	89	49	0	4.10e-16	85.9	C.carcharias_cmtr1_capspecific_mRNA_nucleoside2\\Omethyltransfera
C.carcharias_ftsj1_putative_tRNA_cytidine32guanosine342\\Omethylt	30.909	110	72	2	0.002	44.7	C.carcharias_ftsj1_putative_tRNA_cytidine32guanosine342\\Omethylt
H.sapiens_FTSJ1_putative_tRNA_cytidine32guanosine342\\Omethyltran	31.298	131	83	4	0.009	42.4	H.sapiens_FTSJ1_putative_tRNA_cytidine32guanosine342\\Omethyltran
C.mydas_FTSJ1_putative_tRNA_cytidine32guanosine342\\Omethyltransf	25.714	210	129	7	0.017	41.6	C.mydas_FTSJ1_putative_tRNA_cytidine32guanosine342\\Omethyltransf
E.caballus_FTSJ1_putative_tRNA_cytidine32guanosine342\\Omethyltra	30.275	109	72	2	0.024	41.2	E.caballus_FTSJ1_putative_tRNA_cytidine32guanosine342\\Omethyltra
S.townsendi_FTSJ1_putative_tRNA_cytidine32guanosine342\\Omethyltr	29.907	107	71	2	0.025	40.8	S.townsendi_FTSJ1_putative_tRNA_cytidine32guanosine342\\Omethyltr
G.aculeatus_ftsj1_putative_tRNA_cytidine32guanosine342\\Omethyltr	25.478	157	100	4	0.044	40.0	G.aculeatus_ftsj1_putative_tRNA_cytidine32guanosine342\\Omethyltr
D.rerio_ftsj1_putative_tRNA_cytidine32guanosine342\\Omethyltransf	27.559	127	87	3	0.051	40.0	D.rerio_ftsj1_putative_tRNA_cytidine32guanosine342\\Omethyltransf
D.rerio_ftsj1_putative_tRNA_cytidine32guanosine342\\Omethyltransf	29.091	110	74	2	0.058	39.7	D.rerio_ftsj1_putative_tRNA_cytidine32guanosine342\\Omethyltransf
D.rerio_ftsj3_prerRNA_2\\Oribose_RNA_methyltransferase_FTSJ3	30.909	55	36	1	0.12	39.3	D.rerio_ftsj3_prerRNA_2\\Oribose_RNA_methyltransferase_FTSJ3
F.catus_FTSJ1_putative_tRNA_cytidine32guanosine342\\Omethyltransf	29.771	131	85	4	0.14	38.9	F.catus_FTSJ1_putative_tRNA_cytidine32guanosine342\\Omethyltransf
S.salar_ftsj3_prerRNA_2\\Oribose_RNA_methyltransferase_FTSJ3	30.909	55	36	1	0.16	38.9	S.salar_ftsj3_prerRNA_2\\Oribose_RNA_methyltransferase_FTSJ3
C.carcharias_ftsj3_prerRNA_2\\Oribose_RNA_methyltransferase_FTSJ3	32.727	55	35	1	0.17	38.9	C.carcharias_ftsj3_prerRNA_2\\Oribose_RNA_methyltransferase_FTSJ3
X.laevis_ftsj3.L_prerRNA_2\\Oribose_RNA_methyltransferase_FTSJ3	32.727	55	35	1	0.17	38.9	X.laevis_ftsj3.L_prerRNA_2\\Oribose_RNA_methyltransferase_FTSJ3
X.laevis_LOC108717497_prerRNA_2\\Oribose_RNA_methyltransferase_FT	32.727	55	35	1	0.18	38.9	X.laevis_LOC108717497_prerRNA_2\\Oribose_RNA_methyltransferase_FT
H.sapiens_FTSJ3_prerRNA_2\\Oribose_RNA_methyltransferase_FTSJ3	30.909	55	36	1	0.19	38.9	H.sapiens_FTSJ3_prerRNA_2\\Oribose_RNA_methyltransferase_FTSJ3
G.aculeatus_ftsj3_prerRNA_2\\Oribose_RNA_methyltransferase_FTSJ3	30.909	55	36	1	0.33	38.1	G.aculeatus_ftsj3_prerRNA_2\\Oribose_RNA_methyltransferase_FTSJ3
S.townsendi_FTSJ3_prerRNA_2\\Oribose_RNA_methyltransferase_FTSJ3	31.148	61	40	1	0.33	37.7	S.townsendi_FTSJ3_prerRNA_2\\Oribose_RNA_methyltransferase_FTSJ3
S.salar_LOC123744687_LOW_QUALITY_PROTEIN_putative_tRNA_cytidine32	27.523	109	75	2	0.52	36.6	S.salar_LOC123744687_LOW_QUALITY_PROTEIN_putative_tRNA_cytidine32
C.mydas_FTSJ3_prerRNA_2\\Oribose_RNA_methyltransferase_FTSJ3	30.909	55	36	1	0.65	37.0	C.mydas_FTSJ3_prerRNA_2\\Oribose_RNA_methyltransferase_FTSJ3
D.rerio_kcnh1a_potassium_voltagegated_channel_subfamily_H_member_	25.521	192	121	8	0.70	37.0	D.rerio_kcnh1a_potassium_voltagegated_channel_subfamily_H_member_
E.caballus_FTSJ3_prerRNA_processing_protein_FTSJ3	29.091	55	37	1	0.89	36.6	E.caballus_FTSJ3_prerRNA_processing_protein_FTSJ3
F.catus_FTSJ3_prerRNA_2\\Oribose_RNA_methyltransferase_FTSJ3	29.091	55	37	1	0.93	36.6	F.catus_FTSJ3_prerRNA_2\\Oribose_RNA_methyltransferase_FTSJ3
G.gallus_FTSJ3_prerRNA_2\\Oribose_RNA_methyltransferase_FTSJ3_iso	28.814	59	40	1	1.00	36.2	G.gallus_FTSJ3_prerRNA_2\\Oribose_RNA_methyltransferase_FTSJ3_iso
S.salar_LOC106577203_potassium_voltagegated_channel_subfamily_H_m	24.490	196	118	9	2.2	35.4	S.salar_LOC106577203_potassium_voltagegated_channel_subfamily_H_m
S.salar_LOC106566467_putative_tRNA_cytidine32guanosine342\\Omethy	23.786	206	126	7	6.3	33.5	S.salar_LOC106566467_putative_tRNA_cytidine32guanosine342\\Omethy
C.mydas_KCNH1_potassium_voltagegated_channel_subfamily_H_member_1	24.479	192	114	8	7.7	33.5	C.mydas_KCNH1_potassium_voltagegated_channel_subfamily_H_member_1
F.catus_CPTP_ceramide1phosphate_transfer_protein	32.308	65	38	1	9.0	32.3	F.catus_CPTP_ceramide1phosphate_transfer_protein
H.sapiens_MRM2_rRNA_methyltransferase_2_mitochondrial	33.333	60	38	1	9.5	32.7	H.sapiens_MRM2_rRNA_methyltransferase_2_mitochondrial
