H.sapiens_CMTR2_capspecific_mRNA_nucleoside2\\Omethyltransferase_
H.sapiens_CMTR2_capspecific_mRNA_nucleoside2\\Omethyltransferase_
F.catus_CMTR2_capspecific_mRNA_nucleoside2\\Omethyltransferase_2
E.caballus_CMTR2_capspecific_mRNA_nucleoside2\\Omethyltransferase
C.mydas_CMTR2_capspecific_mRNA_nucleoside2\\Omethyltransferase_2_
G.gallus_CMTR2_capspecific_mRNA_nucleoside2\\Omethyltransferase_2
S.townsendi_CMTR2_capspecific_mRNA_nucleoside2\\Omethyltransferas
X.laevis_cmtr2.L_capspecific_mRNA_nucleoside2\\Omethyltransferase
C.carcharias_cmtr2_capspecific_mRNA_nucleoside2\\Omethyltransfera
S.salar_cmtr2_capspecific_mRNA_nucleoside2\\Omethyltransferase_2_
G.aculeatus_cmtr2_capspecific_mRNA_nucleoside2\\Omethyltransferas
D.rerio_cmtr2_capspecific_mRNA_nucleoside2\\Omethyltransferase_2
S.salar_LOC106587360_LOW_QUALITY_PROTEIN_capspecific_mRNA_nucleos
C.mydas_CMTR1_capspecific_mRNA_nucleoside2\\Omethyltransferase_1_
G.aculeatus_cmtr1_capspecific_mRNA_nucleoside2\\Omethyltransferas
G.gallus_CMTR1_capspecific_mRNA_nucleoside2\\Omethyltransferase_1
S.townsendi_CMTR1_capspecific_mRNA_nucleoside2\\Omethyltransferas
F.catus_CMTR1_capspecific_mRNA_nucleoside2\\Omethyltransferase_1_
S.salar_cmtr1_capspecific_mRNA_nucleoside2\\Omethyltransferase_1_
E.caballus_CMTR1_capspecific_mRNA_nucleoside2\\Omethyltransferase
X.laevis_cmtr1.L_capspecific_mRNA_nucleoside2\\Omethyltransferase
H.sapiens_CMTR1_capspecific_mRNA_nucleoside2\\Omethyltransferase_
X.laevis_cmtr1.S_capspecific_mRNA_nucleoside2\\Omethyltransferase
D.rerio_cmtr1_capspecific_mRNA_nucleoside2\\Omethyltransferase_1
C.carcharias_cmtr1_capspecific_mRNA_nucleoside2\\Omethyltransfera
